<?xml version="1.0" encoding="UTF-8"?>
<testng-results ignored="0" total="1" passed="1" failed="0" skipped="0">
  <reporter-output>
  </reporter-output>
  <suite started-at="2022-11-24T15:45:05 EET" name="Default suite" finished-at="2022-11-24T15:45:36 EET" duration-ms="31783">
    <groups>
    </groups>
    <test started-at="2022-11-24T15:45:05 EET" name="Default test" finished-at="2022-11-24T15:45:36 EET" duration-ms="31783">
      <class name="cart.AddingOnCar">
        <test-method is-config="true" signature="beforeTest()[pri:0, instance:cart.AddingOnCar@2a265ea9]" started-at="2022-11-24T15:45:05 EET" name="beforeTest" finished-at="2022-11-24T15:45:29 EET" duration-ms="23831" status="PASS">
          <reporter-output>
          </reporter-output>
        </test-method> <!-- beforeTest -->
        <test-method signature="Check_The_Price_Of_The_Item()[pri:0, instance:cart.AddingOnCar@2a265ea9]" started-at="2022-11-24T15:45:29 EET" name="Check_The_Price_Of_The_Item" finished-at="2022-11-24T15:45:36 EET" duration-ms="7643" status="PASS">
          <reporter-output>
          </reporter-output>
        </test-method> <!-- Check_The_Price_Of_The_Item -->
      </class> <!-- cart.AddingOnCar -->
    </test> <!-- Default test -->
  </suite> <!-- Default suite -->
</testng-results>
